<?xml version="1.0" encoding="UTF-8"?>
<!-- Generated by org.testng.reporters.JUnitReportReporter -->
<testsuite hostname="DESKTOP-DSB2DGP" failures="0" tests="9" name="Day45.ParamTest" time="0.280" errors="0" timestamp="2024-08-05T17:49:35 IST" skipped="0">
  <testcase classname="Day45.ParamTest" name="testLogo" time="0.070"/>
  <system-out/>
  <testcase classname="Day45.ParamTest" name="testLogo" time="0.035"/>
  <system-out/>
  <testcase classname="Day45.ParamTest" name="testLogo" time="0.068"/>
  <system-out/>
  <testcase classname="Day45.ParamTest" name="testTitle" time="0.006"/>
  <system-out/>
  <testcase classname="Day45.ParamTest" name="testTitle" time="0.017"/>
  <system-out/>
  <testcase classname="Day45.ParamTest" name="testTitle" time="0.023"/>
  <system-out/>
  <testcase classname="Day45.ParamTest" name="testURL" time="0.035"/>
  <system-out/>
  <testcase classname="Day45.ParamTest" name="testURL" time="0.006"/>
  <system-out/>
  <testcase classname="Day45.ParamTest" name="testURL" time="0.020"/>
  <system-out/>
</testsuite> <!-- Day45.ParamTest -->
