<?xml version="1.0" encoding="UTF-8"?>
<!-- Generated by org.testng.reporters.JUnitReportReporter -->
<testsuite hostname="DESKTOP-DSB2DGP" failures="0" tests="2" name="Day43Pack.AllAnnotations" time="0.013" errors="0" timestamp="2024-08-15T09:59:50 IST" skipped="0">
  <testcase classname="Day43Pack.AllAnnotations" name="tm1" time="0.009"/>
  <system-out/>
  <testcase classname="Day43Pack.AllAnnotations" name="tm2" time="0.004"/>
  <system-out/>
</testsuite> <!-- Day43Pack.AllAnnotations -->
