<?xml version="1.0" encoding="UTF-8"?>
<!-- Generated by org.testng.reporters.JUnitReportReporter -->
<testsuite hostname="DESKTOP-DSB2DGP" failures="0" tests="4" name="Day42.OrangeHRMTest" time="23.804" errors="0" timestamp="2024-08-03T21:29:43 IST" skipped="0">
  <testcase classname="Day42.OrangeHRMTest" name="openApp" time="17.757"/>
  <system-out/>
  <testcase classname="Day42.OrangeHRMTest" name="testLogo" time="3.240"/>
  <system-out/>
  <testcase classname="Day42.OrangeHRMTest" name="testLogin" time="2.487"/>
  <system-out/>
  <testcase classname="Day42.OrangeHRMTest" name="testClose" time="0.320"/>
  <system-out/>
</testsuite> <!-- Day42.OrangeHRMTest -->
