<?xml version="1.0" encoding="UTF-8"?>
<!-- Generated by org.testng.reporters.JUnitReportReporter -->
<testsuite hostname="DESKTOP-DSB2DGP" failures="0" tests="2" name="day43.AnnotationsDemo2" time="0.022" errors="0" timestamp="2024-08-03T22:45:22 IST" skipped="0">
  <testcase classname="day43.AnnotationsDemo2" name="Search" time="0.019"/>
  <system-out/>
  <testcase classname="day43.AnnotationsDemo2" name="advSearch" time="0.003"/>
  <system-out/>
</testsuite> <!-- day43.AnnotationsDemo2 -->
