<?xml version="1.0" encoding="UTF-8"?>
<!-- Generated by org.testng.reporters.JUnitReportReporter -->
<testsuite hostname="DESKTOP-DSB2DGP" failures="0" tests="1" name="Day47.loginTest" time="2.612" errors="0" timestamp="2024-08-06T16:22:15 IST" skipped="0">
  <testcase classname="Day47.loginTest" name="testLogin" time="2.612"/>
  <system-out/>
</testsuite> <!-- Day47.loginTest -->
