<?xml version="1.0" encoding="UTF-8"?>
<!-- Generated by org.testng.reporters.JUnitReportReporter -->
<testsuite hostname="DESKTOP-DSB2DGP" failures="0" tests="3" name="Day43Pack.C1" time="0.009" errors="0" timestamp="2024-08-03T23:12:38 IST" skipped="0">
  <testcase classname="Day43Pack.C1" name="abc" time="0.001"/>
  <system-out/>
  <testcase classname="Day43Pack.C1" name="abc" time="0.006"/>
  <system-out/>
  <testcase classname="Day43Pack.C1" name="abc" time="0.002"/>
  <system-out/>
</testsuite> <!-- Day43Pack.C1 -->
