<?xml version="1.0" encoding="UTF-8"?>
<!-- Generated by org.testng.reporters.JUnitReportReporter -->
<testsuite hostname="DESKTOP-DSB2DGP" failures="0" tests="3" name="Day44.LoginTests" time="0.029" errors="0" timestamp="2024-08-04T15:22:22 IST" skipped="0">
  <testcase classname="Day44.LoginTests" name="loginByEmail" time="0.024"/>
  <system-out/>
  <testcase classname="Day44.LoginTests" name="loginByFacebook" time="0.003"/>
  <system-out/>
  <testcase classname="Day44.LoginTests" name="loginByTwitter" time="0.002"/>
  <system-out/>
</testsuite> <!-- Day44.LoginTests -->
