<?xml version="1.0" encoding="UTF-8"?>
<!-- Generated by org.testng.reporters.JUnitReportReporter -->
<testsuite hostname="DESKTOP-DSB2DGP" failures="0" tests="2" name="day43.AnnotationsDemo1" time="0.061" errors="0" timestamp="2024-08-03T22:37:40 IST" skipped="0">
  <testcase classname="day43.AnnotationsDemo1" name="search" time="0.054"/>
  <system-out/>
  <testcase classname="day43.AnnotationsDemo1" name="advSearch" time="0.007"/>
  <system-out/>
</testsuite> <!-- day43.AnnotationsDemo1 -->
