<?xml version="1.0" encoding="UTF-8"?>
<!-- Generated by org.testng.reporters.JUnitReportReporter -->
<testsuite hostname="DESKTOP-DSB2DGP" failures="0" tests="2" name="Day44.PaymentTests" time="0.035" errors="0" timestamp="2024-08-05T14:44:29 IST" skipped="0">
  <testcase classname="Day44.PaymentTests" name="paymentinRupees" time="0.032"/>
  <system-out/>
  <testcase classname="Day44.PaymentTests" name="paymentinDoller" time="0.003"/>
  <system-out/>
</testsuite> <!-- Day44.PaymentTests -->
