<?xml version="1.0" encoding="UTF-8"?>
<!-- Generated by org.testng.reporters.JUnitReportReporter -->
<testsuite hostname="DESKTOP-DSB2DGP" failures="0" tests="3" name="Day44.SignupTests" time="0.034" errors="0" timestamp="2024-08-04T15:00:48 IST" skipped="0">
  <testcase classname="Day44.SignupTests" name="signupbyemail" time="0.028"/>
  <system-out/>
  <testcase classname="Day44.SignupTests" name="signupbyFacebook" time="0.002"/>
  <system-out/>
  <testcase classname="Day44.SignupTests" name="signupbyTwitter" time="0.004"/>
  <system-out/>
</testsuite> <!-- Day44.SignupTests -->
