<?xml version="1.0" encoding="UTF-8"?>
<!-- Generated by org.testng.reporters.JUnitReportReporter -->
<testsuite hostname="DESKTOP-DSB2DGP" failures="0" tests="3" name="Day42.FirstTestCase" time="0.014" errors="0" timestamp="2024-09-27T18:39:37 IST" skipped="0">
  <testcase classname="Day42.FirstTestCase" name="LogOut" time="0.012"/>
  <system-out/>
  <testcase classname="Day42.FirstTestCase" name="Login" time="0.001"/>
  <system-out/>
  <testcase classname="Day42.FirstTestCase" name="openApp" time="0.001"/>
  <system-out/>
</testsuite> <!-- Day42.FirstTestCase -->
